<?xml version="1.0" encoding="UTF-8"?>
<testng-results ignored="0" total="1" passed="1" failed="0" skipped="0">
  <reporter-output>
  </reporter-output>
  <suite started-at="2023-07-27T23:58:35 IST" name="Default suite" finished-at="2023-07-27T23:59:01 IST" duration-ms="25461">
    <groups>
    </groups>
    <test started-at="2023-07-27T23:58:35 IST" name="Default test" finished-at="2023-07-27T23:59:01 IST" duration-ms="25461">
      <class name="com.testing.FDProposalCreationTest">
        <test-method is-config="true" signature="setup()[pri:0, instance:com.testing.FDProposalCreationTest@4b741d6d]" started-at="2023-07-27T23:58:36 IST" name="setup" finished-at="2023-07-27T23:58:41 IST" duration-ms="5873" status="PASS">
          <reporter-output>
          </reporter-output>
        </test-method> <!-- setup -->
        <test-method signature="fdProposalCreation()[pri:0, instance:com.testing.FDProposalCreationTest@4b741d6d]" started-at="2023-07-27T23:58:41 IST" name="fdProposalCreation" finished-at="2023-07-27T23:59:01 IST" duration-ms="19498" status="PASS">
          <reporter-output>
          </reporter-output>
        </test-method> <!-- fdProposalCreation -->
      </class> <!-- com.testing.FDProposalCreationTest -->
    </test> <!-- Default test -->
  </suite> <!-- Default suite -->
</testng-results>
